<?xml version="1.0" encoding="UTF-8"?>
<!-- Generated by org.testng.reporters.JUnitReportReporter -->
<testsuite hostname="LAPTOP-QH8NFJ6B" failures="0" tests="2" name="com.orangehrm.runnerscripts.runnerTest" time="20.858" errors="0" timestamp="2025-08-31T10:44:29 IST" skipped="0">
  <testcase classname="com.orangehrm.runnerscripts.runnerTest" name="testcase" time="8.464"/>
  <testcase classname="com.orangehrm.runnerscripts.runnerTest" name="testcase" time="12.394"/>
</testsuite> <!-- com.orangehrm.runnerscripts.runnerTest -->
