<?xml version="1.0" encoding="UTF-8"?>
<!-- Generated by org.testng.reporters.JUnitReportReporter -->
<testsuite hostname="LAPTOP-QH8NFJ6B" failures="0" tests="2" name="com.orangehrm.runnerscripts.TestRunner" time="23.667" errors="0" timestamp="2025-08-31T10:40:01 IST" skipped="0">
  <testcase classname="com.orangehrm.runnerscripts.TestRunner" name="testcase" time="8.107"/>
  <testcase classname="com.orangehrm.runnerscripts.TestRunner" name="testcase" time="15.560"/>
</testsuite> <!-- com.orangehrm.runnerscripts.TestRunner -->
