<?xml version="1.0" encoding="UTF-8"?>
<!-- Generated by org.testng.reporters.JUnitReportReporter -->
<testsuite hostname="LAPTOP-QH8NFJ6B" failures="0" tests="2" name="com.orangehrm.runnerscripts.runnerTest" time="28.221" errors="0" timestamp="2025-10-04T11:55:29 IST" skipped="0">
  <testcase classname="com.orangehrm.runnerscripts.runnerTest" name="testcase" time="11.376"/>
  <testcase classname="com.orangehrm.runnerscripts.runnerTest" name="testcase" time="16.845"/>
</testsuite> <!-- com.orangehrm.runnerscripts.runnerTest -->
