<?xml version="1.0" encoding="UTF-8"?>
<!-- Generated by org.testng.reporters.JUnitReportReporter -->
<testsuite hostname="LAPTOP-QH8NFJ6B" failures="0" tests="1" name="com.orangehrm.runnerscripts.TestRunnerToClear" time="14.443" errors="0" timestamp="2025-08-23T12:49:15 IST" skipped="0">
  <testcase classname="com.orangehrm.runnerscripts.TestRunnerToClear" name="testCase2" time="14.443"/>
</testsuite> <!-- com.orangehrm.runnerscripts.TestRunnerToClear -->
