<?xml version="1.0" encoding="UTF-8"?>
<!-- Generated by org.testng.reporters.JUnitReportReporter -->
<testsuite hostname="LAPTOP-QH8NFJ6B" failures="0" tests="2" name="com.orangehrm.runnerscripts.runnerTest" time="16.599" errors="0" timestamp="2025-10-14T19:08:04 IST" skipped="0">
  <testcase classname="com.orangehrm.runnerscripts.runnerTest" name="testcase" time="9.807"/>
  <testcase classname="com.orangehrm.runnerscripts.runnerTest" name="testcase" time="6.792"/>
</testsuite> <!-- com.orangehrm.runnerscripts.runnerTest -->
