<?xml version="1.0" encoding="UTF-8"?>
<!-- Generated by org.testng.reporters.JUnitReportReporter -->
<testsuite hostname="LAPTOP-QH8NFJ6B" failures="0" tests="2" name="com.orangehrm.runnerscripts.runnerTest" time="15.194" errors="0" timestamp="2025-10-16T21:32:46 IST" skipped="0">
  <testcase classname="com.orangehrm.runnerscripts.runnerTest" name="testcase" time="8.621"/>
  <testcase classname="com.orangehrm.runnerscripts.runnerTest" name="testcase" time="6.573"/>
</testsuite> <!-- com.orangehrm.runnerscripts.runnerTest -->
